This file contains any messages produced by compilers while
running configure, to aid debugging if configure makes a mistake.

It was created by configure, which was
generated by GNU Autoconf 2.69.  Invocation command line was

  $ ./configure 

## --------- ##
## Platform. ##
## --------- ##

hostname = zm-laptop
uname -m = x86_64
uname -r = 3.13.0-65-generic
uname -s = Linux
uname -v = #105-Ubuntu SMP Mon Sep 21 18:50:58 UTC 2015

/usr/bin/uname -p = unknown
/bin/uname -X     = unknown

/bin/arch              = unknown
/usr/bin/arch -k       = unknown
/usr/convex/getsysinfo = unknown
/usr/bin/hostinfo      = unknown
/bin/machine           = unknown
/usr/bin/oslevel       = unknown
/bin/universe          = unknown

PATH: /home/zanymonk/bin
PATH: /usr/local/bin
PATH: /home/zanymonk/Coding/Py/myLibs
PATH: /usr/local/sbin
PATH: /usr/local/bin
PATH: /usr/sbin
PATH: /usr/bin
PATH: /sbin
PATH: /bin
PATH: /usr/games
PATH: /usr/local/games


## ----------- ##
## Core tests. ##
## ----------- ##

configure:2456: checking build system type
configure:2470: result: x86_64-unknown-linux-gnu
configure:2490: checking host system type
configure:2503: result: x86_64-unknown-linux-gnu
configure:2544: checking how to print strings
configure:2571: result: printf
configure:2643: checking for gcc
configure:2659: found /usr/bin/gcc
configure:2670: result: gcc
configure:2899: checking for C compiler version
configure:2908: gcc --version >&5
gcc (Ubuntu 4.8.4-2ubuntu1~14.04) 4.8.4
Copyright (C) 2013 Free Software Foundation, Inc.
This is free software; see the source for copying conditions.  There is NO
warranty; not even for MERCHANTABILITY or FITNESS FOR A PARTICULAR PURPOSE.

configure:2919: $? = 0
configure:2908: gcc -v >&5
Using built-in specs.
COLLECT_GCC=gcc
COLLECT_LTO_WRAPPER=/usr/lib/gcc/x86_64-linux-gnu/4.8/lto-wrapper
Target: x86_64-linux-gnu
Configured with: ../src/configure -v --with-pkgversion='Ubuntu 4.8.4-2ubuntu1~14.04' --with-bugurl=file:///usr/share/doc/gcc-4.8/README.Bugs --enable-languages=c,c++,java,go,d,fortran,objc,obj-c++ --prefix=/usr --program-suffix=-4.8 --enable-shared --enable-linker-build-id --libexecdir=/usr/lib --without-included-gettext --enable-threads=posix --with-gxx-include-dir=/usr/include/c++/4.8 --libdir=/usr/lib --enable-nls --with-sysroot=/ --enable-clocale=gnu --enable-libstdcxx-debug --enable-libstdcxx-time=yes --enable-gnu-unique-object --disable-libmudflap --enable-plugin --with-system-zlib --disable-browser-plugin --enable-java-awt=gtk --enable-gtk-cairo --with-java-home=/usr/lib/jvm/java-1.5.0-gcj-4.8-amd64/jre --enable-java-home --with-jvm-root-dir=/usr/lib/jvm/java-1.5.0-gcj-4.8-amd64 --with-jvm-jar-dir=/usr/lib/jvm-exports/java-1.5.0-gcj-4.8-amd64 --with-arch-directory=amd64 --with-ecj-jar=/usr/share/java/eclipse-ecj.jar --enable-objc-gc --enable-multiarch --disable-werror --with-arch-32=i686 --with-abi=m64 --with-multilib-list=m32,m64,mx32 --with-tune=generic --enable-checking=release --build=x86_64-linux-gnu --host=x86_64-linux-gnu --target=x86_64-linux-gnu
Thread model: posix
gcc version 4.8.4 (Ubuntu 4.8.4-2ubuntu1~14.04) 
configure:2919: $? = 0
configure:2908: gcc -V >&5
gcc: error: unrecognized command line option '-V'
gcc: fatal error: no input files
compilation terminated.
configure:2919: $? = 4
configure:2908: gcc -qversion >&5
gcc: error: unrecognized command line option '-qversion'
gcc: fatal error: no input files
compilation terminated.
configure:2919: $? = 4
configure:2939: checking whether the C compiler works
configure:2961: gcc    conftest.c  >&5
configure:2965: $? = 0
configure:3013: result: yes
configure:3016: checking for C compiler default output file name
configure:3018: result: a.out
configure:3024: checking for suffix of executables
configure:3031: gcc -o conftest    conftest.c  >&5
configure:3035: $? = 0
configure:3057: result: 
configure:3079: checking whether we are cross compiling
configure:3087: gcc -o conftest    conftest.c  >&5
configure:3091: $? = 0
configure:3098: ./conftest
configure:3102: $? = 0
configure:3117: result: no
configure:3122: checking for suffix of object files
configure:3144: gcc -c   conftest.c >&5
configure:3148: $? = 0
configure:3169: result: o
configure:3173: checking whether we are using the GNU C compiler
configure:3192: gcc -c   conftest.c >&5
configure:3192: $? = 0
configure:3201: result: yes
configure:3210: checking whether gcc accepts -g
configure:3230: gcc -c -g  conftest.c >&5
configure:3230: $? = 0
configure:3271: result: yes
configure:3288: checking for gcc option to accept ISO C89
configure:3351: gcc  -c -g -O2  conftest.c >&5
configure:3351: $? = 0
configure:3364: result: none needed
configure:3389: checking whether gcc understands -c and -o together
configure:3411: gcc -c conftest.c -o conftest2.o
configure:3414: $? = 0
configure:3411: gcc -c conftest.c -o conftest2.o
configure:3414: $? = 0
configure:3426: result: yes
configure:3443: checking for a sed that does not truncate output
configure:3507: result: /bin/sed
configure:3525: checking for grep that handles long lines and -e
configure:3583: result: /bin/grep
configure:3588: checking for egrep
configure:3650: result: /bin/grep -E
configure:3655: checking for fgrep
configure:3717: result: /bin/grep -F
configure:3752: checking for ld used by gcc
configure:3819: result: /usr/bin/ld
configure:3826: checking if the linker (/usr/bin/ld) is GNU ld
configure:3841: result: yes
configure:3853: checking for BSD- or MS-compatible name lister (nm)
configure:3902: result: /usr/bin/nm -B
configure:4032: checking the name lister (/usr/bin/nm -B) interface
configure:4039: gcc -c -g -O2  conftest.c >&5
configure:4042: /usr/bin/nm -B "conftest.o"
configure:4045: output
0000000000000000 B some_variable
configure:4052: result: BSD nm
configure:4055: checking whether ln -s works
configure:4059: result: yes
configure:4067: checking the maximum length of command line arguments
configure:4192: result: 1572864
configure:4209: checking whether the shell understands some XSI constructs
configure:4219: result: yes
configure:4223: checking whether the shell understands "+="
configure:4229: result: yes
configure:4264: checking how to convert x86_64-unknown-linux-gnu file names to x86_64-unknown-linux-gnu format
configure:4304: result: func_convert_file_noop
configure:4311: checking how to convert x86_64-unknown-linux-gnu file names to toolchain format
configure:4331: result: func_convert_file_noop
configure:4338: checking for /usr/bin/ld option to reload object files
configure:4345: result: -r
configure:4419: checking for objdump
configure:4435: found /usr/bin/objdump
configure:4446: result: objdump
configure:4475: checking how to recognize dependent libraries
configure:4677: result: pass_all
configure:4762: checking for dlltool
configure:4792: result: no
configure:4819: checking how to associate runtime and link libraries
configure:4846: result: printf %s\n
configure:4907: checking for ar
configure:4923: found /usr/bin/ar
configure:4934: result: ar
configure:4971: checking for archiver @FILE support
configure:4988: gcc -c -g -O2  conftest.c >&5
configure:4988: $? = 0
configure:4991: ar cru libconftest.a @conftest.lst >&5
configure:4994: $? = 0
configure:4999: ar cru libconftest.a @conftest.lst >&5
ar: conftest.o: No such file or directory
configure:5002: $? = 1
configure:5014: result: @
configure:5072: checking for strip
configure:5088: found /usr/bin/strip
configure:5099: result: strip
configure:5171: checking for ranlib
configure:5187: found /usr/bin/ranlib
configure:5198: result: ranlib
configure:5275: checking for gawk
configure:5291: found /usr/bin/gawk
configure:5302: result: gawk
configure:5342: checking command to parse /usr/bin/nm -B output from gcc object
configure:5461: gcc -c -g -O2  conftest.c >&5
configure:5464: $? = 0
configure:5468: /usr/bin/nm -B conftest.o \| sed -n -e 's/^.*[ ]\([ABCDGIRSTW][ABCDGIRSTW]*\)[ ][ ]*\([_A-Za-z][_A-Za-z0-9]*\)$/\1 \2 \2/p' | sed '/ __gnu_lto/d' \> conftest.nm
configure:5471: $? = 0
configure:5537: gcc -o conftest -g -O2   conftest.c conftstm.o >&5
configure:5540: $? = 0
configure:5578: result: ok
configure:5615: checking for sysroot
configure:5645: result: no
configure:5722: gcc -c -g -O2  conftest.c >&5
configure:5725: $? = 0
configure:5888: checking for mt
configure:5904: found /bin/mt
configure:5915: result: mt
configure:5938: checking if mt is a manifest tool
configure:5944: mt '-?'
configure:5952: result: no
configure:6584: checking how to run the C preprocessor
configure:6615: gcc -E  conftest.c
configure:6615: $? = 0
configure:6629: gcc -E  conftest.c
conftest.c:9:28: fatal error: ac_nonexistent.h: No such file or directory
 #include <ac_nonexistent.h>
                            ^
compilation terminated.
configure:6629: $? = 1
configure: failed program was:
| /* confdefs.h */
| #define PACKAGE_NAME ""
| #define PACKAGE_TARNAME ""
| #define PACKAGE_VERSION ""
| #define PACKAGE_STRING ""
| #define PACKAGE_BUGREPORT ""
| #define PACKAGE_URL ""
| /* end confdefs.h.  */
| #include <ac_nonexistent.h>
configure:6654: result: gcc -E
configure:6674: gcc -E  conftest.c
configure:6674: $? = 0
configure:6688: gcc -E  conftest.c
conftest.c:9:28: fatal error: ac_nonexistent.h: No such file or directory
 #include <ac_nonexistent.h>
                            ^
compilation terminated.
configure:6688: $? = 1
configure: failed program was:
| /* confdefs.h */
| #define PACKAGE_NAME ""
| #define PACKAGE_TARNAME ""
| #define PACKAGE_VERSION ""
| #define PACKAGE_STRING ""
| #define PACKAGE_BUGREPORT ""
| #define PACKAGE_URL ""
| /* end confdefs.h.  */
| #include <ac_nonexistent.h>
configure:6717: checking for ANSI C header files
configure:6737: gcc -c -g -O2  conftest.c >&5
configure:6737: $? = 0
configure:6810: gcc -o conftest -g -O2   conftest.c  >&5
configure:6810: $? = 0
configure:6810: ./conftest
configure:6810: $? = 0
configure:6821: result: yes
configure:6834: checking for sys/types.h
configure:6834: gcc -c -g -O2  conftest.c >&5
configure:6834: $? = 0
configure:6834: result: yes
configure:6834: checking for sys/stat.h
configure:6834: gcc -c -g -O2  conftest.c >&5
configure:6834: $? = 0
configure:6834: result: yes
configure:6834: checking for stdlib.h
configure:6834: gcc -c -g -O2  conftest.c >&5
configure:6834: $? = 0
configure:6834: result: yes
configure:6834: checking for string.h
configure:6834: gcc -c -g -O2  conftest.c >&5
configure:6834: $? = 0
configure:6834: result: yes
configure:6834: checking for memory.h
configure:6834: gcc -c -g -O2  conftest.c >&5
configure:6834: $? = 0
configure:6834: result: yes
configure:6834: checking for strings.h
configure:6834: gcc -c -g -O2  conftest.c >&5
configure:6834: $? = 0
configure:6834: result: yes
configure:6834: checking for inttypes.h
configure:6834: gcc -c -g -O2  conftest.c >&5
configure:6834: $? = 0
configure:6834: result: yes
configure:6834: checking for stdint.h
configure:6834: gcc -c -g -O2  conftest.c >&5
configure:6834: $? = 0
configure:6834: result: yes
configure:6834: checking for unistd.h
configure:6834: gcc -c -g -O2  conftest.c >&5
configure:6834: $? = 0
configure:6834: result: yes
configure:6848: checking for dlfcn.h
configure:6848: gcc -c -g -O2  conftest.c >&5
configure:6848: $? = 0
configure:6848: result: yes
configure:7333: checking for objdir
configure:7348: result: .libs
configure:7619: checking if gcc supports -fno-rtti -fno-exceptions
configure:7637: gcc -c -g -O2  -fno-rtti -fno-exceptions conftest.c >&5
cc1: warning: command line option '-fno-rtti' is valid for C++/ObjC++ but not for C [enabled by default]
configure:7641: $? = 0
configure:7654: result: no
configure:7964: checking for gcc option to produce PIC
configure:7971: result: -fPIC -DPIC
configure:7979: checking if gcc PIC flag -fPIC -DPIC works
configure:7997: gcc -c -g -O2  -fPIC -DPIC -DPIC conftest.c >&5
configure:8001: $? = 0
configure:8014: result: yes
configure:8043: checking if gcc static flag -static works
configure:8071: result: yes
configure:8086: checking if gcc supports -c -o file.o
configure:8107: gcc -c -g -O2  -o out/conftest2.o conftest.c >&5
configure:8111: $? = 0
configure:8133: result: yes
configure:8141: checking if gcc supports -c -o file.o
configure:8188: result: yes
configure:8221: checking whether the gcc linker (/usr/bin/ld -m elf_x86_64) supports shared libraries
configure:9379: result: yes
configure:9416: checking whether -lc should be explicitly linked in
configure:9424: gcc -c -g -O2  conftest.c >&5
configure:9427: $? = 0
configure:9442: gcc -shared  -fPIC -DPIC conftest.o  -v -Wl,-soname -Wl,conftest -o conftest 2\>\&1 \| /bin/grep  -lc  \>/dev/null 2\>\&1
configure:9445: $? = 0
configure:9459: result: no
configure:9624: checking dynamic linker characteristics
configure:10138: gcc -o conftest -g -O2   -Wl,-rpath -Wl,/foo conftest.c  >&5
configure:10138: $? = 0
configure:10360: result: GNU/Linux ld.so
configure:10467: checking how to hardcode library paths into programs
configure:10492: result: immediate
configure:11032: checking whether stripping libraries is possible
configure:11037: result: yes
configure:11072: checking if libtool supports shared libraries
configure:11074: result: yes
configure:11077: checking whether to build shared libraries
configure:11098: result: yes
configure:11101: checking whether to build static libraries
configure:11105: result: yes
configure:11169: checking for a BSD-compatible install
configure:11237: result: /usr/bin/install -c
configure:11248: checking whether build environment is sane
configure:11303: result: yes
configure:11338: WARNING: 'missing' script is too old or missing
configure:11451: checking for a thread-safe mkdir -p
configure:11490: result: /bin/mkdir -p
configure:11493: checking whether make sets $(MAKE)
configure:11515: result: yes
configure:11545: checking for style of include used by make
configure:11573: result: GNU
configure:11607: checking whether make supports nested variables
configure:11624: result: yes
configure:11710: checking dependency style of gcc
configure:11821: result: gcc3
configure:11928: checking for gcc
configure:11955: result: gcc
configure:12184: checking for C compiler version
configure:12193: gcc --version >&5
gcc (Ubuntu 4.8.4-2ubuntu1~14.04) 4.8.4
Copyright (C) 2013 Free Software Foundation, Inc.
This is free software; see the source for copying conditions.  There is NO
warranty; not even for MERCHANTABILITY or FITNESS FOR A PARTICULAR PURPOSE.

configure:12204: $? = 0
configure:12193: gcc -v >&5
Using built-in specs.
COLLECT_GCC=gcc
COLLECT_LTO_WRAPPER=/usr/lib/gcc/x86_64-linux-gnu/4.8/lto-wrapper
Target: x86_64-linux-gnu
Configured with: ../src/configure -v --with-pkgversion='Ubuntu 4.8.4-2ubuntu1~14.04' --with-bugurl=file:///usr/share/doc/gcc-4.8/README.Bugs --enable-languages=c,c++,java,go,d,fortran,objc,obj-c++ --prefix=/usr --program-suffix=-4.8 --enable-shared --enable-linker-build-id --libexecdir=/usr/lib --without-included-gettext --enable-threads=posix --with-gxx-include-dir=/usr/include/c++/4.8 --libdir=/usr/lib --enable-nls --with-sysroot=/ --enable-clocale=gnu --enable-libstdcxx-debug --enable-libstdcxx-time=yes --enable-gnu-unique-object --disable-libmudflap --enable-plugin --with-system-zlib --disable-browser-plugin --enable-java-awt=gtk --enable-gtk-cairo --with-java-home=/usr/lib/jvm/java-1.5.0-gcj-4.8-amd64/jre --enable-java-home --with-jvm-root-dir=/usr/lib/jvm/java-1.5.0-gcj-4.8-amd64 --with-jvm-jar-dir=/usr/lib/jvm-exports/java-1.5.0-gcj-4.8-amd64 --with-arch-directory=amd64 --with-ecj-jar=/usr/share/java/eclipse-ecj.jar --enable-objc-gc --enable-multiarch --disable-werror --with-arch-32=i686 --with-abi=m64 --with-multilib-list=m32,m64,mx32 --with-tune=generic --enable-checking=release --build=x86_64-linux-gnu --host=x86_64-linux-gnu --target=x86_64-linux-gnu
Thread model: posix
gcc version 4.8.4 (Ubuntu 4.8.4-2ubuntu1~14.04) 
configure:12204: $? = 0
configure:12193: gcc -V >&5
gcc: error: unrecognized command line option '-V'
gcc: fatal error: no input files
compilation terminated.
configure:12204: $? = 4
configure:12193: gcc -qversion >&5
gcc: error: unrecognized command line option '-qversion'
gcc: fatal error: no input files
compilation terminated.
configure:12204: $? = 4
configure:12208: checking whether we are using the GNU C compiler
configure:12236: result: yes
configure:12245: checking whether gcc accepts -g
configure:12306: result: yes
configure:12323: checking for gcc option to accept ISO C89
configure:12399: result: none needed
configure:12424: checking whether gcc understands -c and -o together
configure:12461: result: yes
configure:12532: checking for gcc
configure:12548: found /usr/bin/gcc
configure:12559: result: gcc
configure:12584: checking for Objective C compiler version
configure:12593: gcc --version >&5
gcc (Ubuntu 4.8.4-2ubuntu1~14.04) 4.8.4
Copyright (C) 2013 Free Software Foundation, Inc.
This is free software; see the source for copying conditions.  There is NO
warranty; not even for MERCHANTABILITY or FITNESS FOR A PARTICULAR PURPOSE.

configure:12604: $? = 0
configure:12593: gcc -v >&5
Using built-in specs.
COLLECT_GCC=gcc
COLLECT_LTO_WRAPPER=/usr/lib/gcc/x86_64-linux-gnu/4.8/lto-wrapper
Target: x86_64-linux-gnu
Configured with: ../src/configure -v --with-pkgversion='Ubuntu 4.8.4-2ubuntu1~14.04' --with-bugurl=file:///usr/share/doc/gcc-4.8/README.Bugs --enable-languages=c,c++,java,go,d,fortran,objc,obj-c++ --prefix=/usr --program-suffix=-4.8 --enable-shared --enable-linker-build-id --libexecdir=/usr/lib --without-included-gettext --enable-threads=posix --with-gxx-include-dir=/usr/include/c++/4.8 --libdir=/usr/lib --enable-nls --with-sysroot=/ --enable-clocale=gnu --enable-libstdcxx-debug --enable-libstdcxx-time=yes --enable-gnu-unique-object --disable-libmudflap --enable-plugin --with-system-zlib --disable-browser-plugin --enable-java-awt=gtk --enable-gtk-cairo --with-java-home=/usr/lib/jvm/java-1.5.0-gcj-4.8-amd64/jre --enable-java-home --with-jvm-root-dir=/usr/lib/jvm/java-1.5.0-gcj-4.8-amd64 --with-jvm-jar-dir=/usr/lib/jvm-exports/java-1.5.0-gcj-4.8-amd64 --with-arch-directory=amd64 --with-ecj-jar=/usr/share/java/eclipse-ecj.jar --enable-objc-gc --enable-multiarch --disable-werror --with-arch-32=i686 --with-abi=m64 --with-multilib-list=m32,m64,mx32 --with-tune=generic --enable-checking=release --build=x86_64-linux-gnu --host=x86_64-linux-gnu --target=x86_64-linux-gnu
Thread model: posix
gcc version 4.8.4 (Ubuntu 4.8.4-2ubuntu1~14.04) 
configure:12604: $? = 0
configure:12593: gcc -V >&5
gcc: error: unrecognized command line option '-V'
gcc: fatal error: no input files
compilation terminated.
configure:12604: $? = 4
configure:12593: gcc -qversion >&5
gcc: error: unrecognized command line option '-qversion'
gcc: fatal error: no input files
compilation terminated.
configure:12604: $? = 4
configure:12608: checking whether we are using the GNU Objective C compiler
configure:12627: gcc -c   conftest.m >&5
gcc: error trying to exec 'cc1obj': execvp: No such file or directory
configure:12627: $? = 1
configure: failed program was:
| /* confdefs.h */
| #define PACKAGE_NAME ""
| #define PACKAGE_TARNAME ""
| #define PACKAGE_VERSION ""
| #define PACKAGE_STRING ""
| #define PACKAGE_BUGREPORT ""
| #define PACKAGE_URL ""
| #define STDC_HEADERS 1
| #define HAVE_SYS_TYPES_H 1
| #define HAVE_SYS_STAT_H 1
| #define HAVE_STDLIB_H 1
| #define HAVE_STRING_H 1
| #define HAVE_MEMORY_H 1
| #define HAVE_STRINGS_H 1
| #define HAVE_INTTYPES_H 1
| #define HAVE_STDINT_H 1
| #define HAVE_UNISTD_H 1
| #define HAVE_DLFCN_H 1
| #define LT_OBJDIR ".libs/"
| #define PACKAGE "SDL2_gfx"
| #define VERSION "1.0.1"
| /* end confdefs.h.  */
| 
| int
| main ()
| {
| #ifndef __GNUC__
|        choke me
| #endif
| 
|   ;
|   return 0;
| }
configure:12636: result: no
configure:12645: checking whether gcc accepts -g
configure:12665: gcc -c -g  conftest.m >&5
gcc: error trying to exec 'cc1obj': execvp: No such file or directory
configure:12665: $? = 1
configure: failed program was:
| /* confdefs.h */
| #define PACKAGE_NAME ""
| #define PACKAGE_TARNAME ""
| #define PACKAGE_VERSION ""
| #define PACKAGE_STRING ""
| #define PACKAGE_BUGREPORT ""
| #define PACKAGE_URL ""
| #define STDC_HEADERS 1
| #define HAVE_SYS_TYPES_H 1
| #define HAVE_SYS_STAT_H 1
| #define HAVE_STDLIB_H 1
| #define HAVE_STRING_H 1
| #define HAVE_MEMORY_H 1
| #define HAVE_STRINGS_H 1
| #define HAVE_INTTYPES_H 1
| #define HAVE_STDINT_H 1
| #define HAVE_UNISTD_H 1
| #define HAVE_DLFCN_H 1
| #define LT_OBJDIR ".libs/"
| #define PACKAGE "SDL2_gfx"
| #define VERSION "1.0.1"
| /* end confdefs.h.  */
| 
| int
| main ()
| {
| 
|   ;
|   return 0;
| }
configure:12680: gcc -c   conftest.m >&5
gcc: error trying to exec 'cc1obj': execvp: No such file or directory
configure:12680: $? = 1
configure: failed program was:
| /* confdefs.h */
| #define PACKAGE_NAME ""
| #define PACKAGE_TARNAME ""
| #define PACKAGE_VERSION ""
| #define PACKAGE_STRING ""
| #define PACKAGE_BUGREPORT ""
| #define PACKAGE_URL ""
| #define STDC_HEADERS 1
| #define HAVE_SYS_TYPES_H 1
| #define HAVE_SYS_STAT_H 1
| #define HAVE_STDLIB_H 1
| #define HAVE_STRING_H 1
| #define HAVE_MEMORY_H 1
| #define HAVE_STRINGS_H 1
| #define HAVE_INTTYPES_H 1
| #define HAVE_STDINT_H 1
| #define HAVE_UNISTD_H 1
| #define HAVE_DLFCN_H 1
| #define LT_OBJDIR ".libs/"
| #define PACKAGE "SDL2_gfx"
| #define VERSION "1.0.1"
| /* end confdefs.h.  */
| 
| int
| main ()
| {
| 
|   ;
|   return 0;
| }
configure:12696: gcc -c -g  conftest.m >&5
gcc: error trying to exec 'cc1obj': execvp: No such file or directory
configure:12696: $? = 1
configure: failed program was:
| /* confdefs.h */
| #define PACKAGE_NAME ""
| #define PACKAGE_TARNAME ""
| #define PACKAGE_VERSION ""
| #define PACKAGE_STRING ""
| #define PACKAGE_BUGREPORT ""
| #define PACKAGE_URL ""
| #define STDC_HEADERS 1
| #define HAVE_SYS_TYPES_H 1
| #define HAVE_SYS_STAT_H 1
| #define HAVE_STDLIB_H 1
| #define HAVE_STRING_H 1
| #define HAVE_MEMORY_H 1
| #define HAVE_STRINGS_H 1
| #define HAVE_INTTYPES_H 1
| #define HAVE_STDINT_H 1
| #define HAVE_UNISTD_H 1
| #define HAVE_DLFCN_H 1
| #define LT_OBJDIR ".libs/"
| #define PACKAGE "SDL2_gfx"
| #define VERSION "1.0.1"
| /* end confdefs.h.  */
| 
| int
| main ()
| {
| 
|   ;
|   return 0;
| }
configure:12706: result: no
configure:12731: checking dependency style of gcc
configure:12840: result: gcc3
configure:12855: checking for inline
configure:12871: gcc -c -g -O2  conftest.c >&5
configure:12871: $? = 0
configure:12879: result: inline
configure:12898: checking whether make sets $(MAKE)
configure:12920: result: yes
configure:12938: checking for windres
configure:12968: result: no
configure:12938: checking for linux-gnu-windres
configure:12968: result: no
configure:13046: checking size of long
configure:13051: gcc -o conftest -g -O2 -O -DUSE_MMX   conftest.c  >&5
configure:13051: $? = 0
configure:13051: ./conftest
configure:13051: $? = 0
configure:13065: result: 8
configure:13131: checking for pkg-config
configure:13149: found /usr/bin/pkg-config
configure:13161: result: /usr/bin/pkg-config
configure:13186: checking pkg-config is at least version 0.9.0
configure:13189: result: yes
configure:13227: checking for SDL
configure:13235: $PKG_CONFIG --exists --print-errors "sdl2 >= $min_sdl_version"
configure:13238: $? = 0
configure:13253: $PKG_CONFIG --exists --print-errors "sdl2 >= $min_sdl_version"
configure:13256: $? = 0
configure:13292: result: yes
configure:13695: checking that generated files are newer than configure
configure:13701: result: done
configure:13728: creating ./config.status

## ---------------------- ##
## Running config.status. ##
## ---------------------- ##

This file was extended by config.status, which was
generated by GNU Autoconf 2.69.  Invocation command line was

  CONFIG_FILES    = 
  CONFIG_HEADERS  = 
  CONFIG_LINKS    = 
  CONFIG_COMMANDS = 
  $ ./config.status 

on zm-laptop

config.status:1026: creating Makefile
config.status:1026: creating SDL2_gfx.pc
config.status:1198: executing libtool commands
config.status:1198: executing depfiles commands

## ---------------- ##
## Cache variables. ##
## ---------------- ##

ac_cv_build=x86_64-unknown-linux-gnu
ac_cv_c_compiler_gnu=yes
ac_cv_c_inline=inline
ac_cv_env_CC_set=
ac_cv_env_CC_value=
ac_cv_env_CFLAGS_set=
ac_cv_env_CFLAGS_value=
ac_cv_env_CPPFLAGS_set=
ac_cv_env_CPPFLAGS_value=
ac_cv_env_CPP_set=
ac_cv_env_CPP_value=
ac_cv_env_LDFLAGS_set=
ac_cv_env_LDFLAGS_value=
ac_cv_env_LIBS_set=
ac_cv_env_LIBS_value=
ac_cv_env_OBJCFLAGS_set=
ac_cv_env_OBJCFLAGS_value=
ac_cv_env_OBJC_set=
ac_cv_env_OBJC_value=
ac_cv_env_PKG_CONFIG_set=
ac_cv_env_PKG_CONFIG_value=
ac_cv_env_SDL_CFLAGS_set=
ac_cv_env_SDL_CFLAGS_value=
ac_cv_env_SDL_LIBS_set=
ac_cv_env_SDL_LIBS_value=
ac_cv_env_build_alias_set=
ac_cv_env_build_alias_value=
ac_cv_env_host_alias_set=
ac_cv_env_host_alias_value=
ac_cv_env_target_alias_set=
ac_cv_env_target_alias_value=
ac_cv_header_dlfcn_h=yes
ac_cv_header_inttypes_h=yes
ac_cv_header_memory_h=yes
ac_cv_header_stdc=yes
ac_cv_header_stdint_h=yes
ac_cv_header_stdlib_h=yes
ac_cv_header_string_h=yes
ac_cv_header_strings_h=yes
ac_cv_header_sys_stat_h=yes
ac_cv_header_sys_types_h=yes
ac_cv_header_unistd_h=yes
ac_cv_host=x86_64-unknown-linux-gnu
ac_cv_objc_compiler_gnu=no
ac_cv_objext=o
ac_cv_path_EGREP='/bin/grep -E'
ac_cv_path_FGREP='/bin/grep -F'
ac_cv_path_GREP=/bin/grep
ac_cv_path_SED=/bin/sed
ac_cv_path_ac_pt_PKG_CONFIG=/usr/bin/pkg-config
ac_cv_path_install='/usr/bin/install -c'
ac_cv_path_mkdir=/bin/mkdir
ac_cv_prog_AWK=gawk
ac_cv_prog_CPP='gcc -E'
ac_cv_prog_ac_ct_AR=ar
ac_cv_prog_ac_ct_CC=gcc
ac_cv_prog_ac_ct_MANIFEST_TOOL=mt
ac_cv_prog_ac_ct_OBJC=gcc
ac_cv_prog_ac_ct_OBJDUMP=objdump
ac_cv_prog_ac_ct_RANLIB=ranlib
ac_cv_prog_ac_ct_STRIP=strip
ac_cv_prog_cc_c89=
ac_cv_prog_cc_g=yes
ac_cv_prog_make_make_set=yes
ac_cv_prog_objc_g=no
ac_cv_sizeof_long=8
am_cv_CC_dependencies_compiler_type=gcc3
am_cv_OBJC_dependencies_compiler_type=gcc3
am_cv_make_support_nested_variables=yes
am_cv_prog_cc_c_o=yes
lt_cv_ar_at_file=@
lt_cv_archive_cmds_need_lc=no
lt_cv_deplibs_check_method=pass_all
lt_cv_file_magic_cmd='$MAGIC_CMD'
lt_cv_file_magic_test_file=
lt_cv_ld_reload_flag=-r
lt_cv_nm_interface='BSD nm'
lt_cv_objdir=.libs
lt_cv_path_LD=/usr/bin/ld
lt_cv_path_NM='/usr/bin/nm -B'
lt_cv_path_mainfest_tool=no
lt_cv_prog_compiler_c_o=yes
lt_cv_prog_compiler_pic='-fPIC -DPIC'
lt_cv_prog_compiler_pic_works=yes
lt_cv_prog_compiler_rtti_exceptions=no
lt_cv_prog_compiler_static_works=yes
lt_cv_prog_gnu_ld=yes
lt_cv_sharedlib_from_linklib_cmd='printf %s\n'
lt_cv_shlibpath_overrides_runpath=no
lt_cv_sys_global_symbol_pipe='sed -n -e '\''s/^.*[	 ]\([ABCDGIRSTW][ABCDGIRSTW]*\)[	 ][	 ]*\([_A-Za-z][_A-Za-z0-9]*\)$/\1 \2 \2/p'\'' | sed '\''/ __gnu_lto/d'\'''
lt_cv_sys_global_symbol_to_c_name_address='sed -n -e '\''s/^: \([^ ]*\)[ ]*$/  {\"\1\", (void *) 0},/p'\'' -e '\''s/^[ABCDGIRSTW]* \([^ ]*\) \([^ ]*\)$/  {"\2", (void *) \&\2},/p'\'''
lt_cv_sys_global_symbol_to_c_name_address_lib_prefix='sed -n -e '\''s/^: \([^ ]*\)[ ]*$/  {\"\1\", (void *) 0},/p'\'' -e '\''s/^[ABCDGIRSTW]* \([^ ]*\) \(lib[^ ]*\)$/  {"\2", (void *) \&\2},/p'\'' -e '\''s/^[ABCDGIRSTW]* \([^ ]*\) \([^ ]*\)$/  {"lib\2", (void *) \&\2},/p'\'''
lt_cv_sys_global_symbol_to_cdecl='sed -n -e '\''s/^T .* \(.*\)$/extern int \1();/p'\'' -e '\''s/^[ABCDGIRSTW]* .* \(.*\)$/extern char \1;/p'\'''
lt_cv_sys_max_cmd_len=1572864
lt_cv_to_host_file_cmd=func_convert_file_noop
lt_cv_to_tool_file_cmd=func_convert_file_noop
pkg_cv_SDL_CFLAGS='-D_REENTRANT -I/usr/include/SDL2  '
pkg_cv_SDL_LIBS='-lSDL2  '

## ----------------- ##
## Output variables. ##
## ----------------- ##

ACLOCAL='aclocal-1.14'
AMDEPBACKSLASH='\'
AMDEP_FALSE='#'
AMDEP_TRUE=''
AMTAR='$${TAR-tar}'
AM_BACKSLASH='\'
AM_DEFAULT_V='$(AM_DEFAULT_VERBOSITY)'
AM_DEFAULT_VERBOSITY='1'
AM_V='$(V)'
AR='ar'
AS='as'
AUTOCONF='autoconf'
AUTOHEADER='autoheader'
AUTOMAKE='automake-1.14'
AWK='gawk'
BINARY_AGE='1'
CC='gcc'
CCDEPMODE='depmode=gcc3'
CFLAGS='-g -O2 -O -DUSE_MMX -D_REENTRANT -I/usr/include/SDL2  '
CPP='gcc -E'
CPPFLAGS=''
CYGPATH_W='echo'
DEFS='-DPACKAGE_NAME=\"\" -DPACKAGE_TARNAME=\"\" -DPACKAGE_VERSION=\"\" -DPACKAGE_STRING=\"\" -DPACKAGE_BUGREPORT=\"\" -DPACKAGE_URL=\"\" -DSTDC_HEADERS=1 -DHAVE_SYS_TYPES_H=1 -DHAVE_SYS_STAT_H=1 -DHAVE_STDLIB_H=1 -DHAVE_STRING_H=1 -DHAVE_MEMORY_H=1 -DHAVE_STRINGS_H=1 -DHAVE_INTTYPES_H=1 -DHAVE_STDINT_H=1 -DHAVE_UNISTD_H=1 -DHAVE_DLFCN_H=1 -DLT_OBJDIR=\".libs/\" -DPACKAGE=\"SDL2_gfx\" -DVERSION=\"1.0.1\" -DSIZEOF_LONG=8'
DEPDIR='.deps'
DLLTOOL='false'
DSYMUTIL=''
DUMPBIN=''
ECHO_C=''
ECHO_N='-n'
ECHO_T=''
EGREP='/bin/grep -E'
EXEEXT=''
FGREP='/bin/grep -F'
GREP='/bin/grep'
INSTALL_DATA='${INSTALL} -m 644'
INSTALL_PROGRAM='${INSTALL}'
INSTALL_SCRIPT='${INSTALL}'
INSTALL_STRIP_PROGRAM='$(install_sh) -c -s'
INTERFACE_AGE='1'
LD='/usr/bin/ld -m elf_x86_64'
LDFLAGS=''
LIBOBJS=''
LIBS=' -lSDL2  '
LIBTOOL='$(SHELL) $(top_builddir)/libtool'
LIPO=''
LN_S='ln -s'
LTLIBOBJS=''
LT_AGE='0'
LT_CURRENT='0'
LT_RELEASE='1.0'
LT_REVISION='1'
MAJOR_VERSION='1'
MAKEINFO='makeinfo'
MANIFEST_TOOL=':'
MICRO_VERSION='1'
MINOR_VERSION='0'
MKDIR_P='/bin/mkdir -p'
NM='/usr/bin/nm -B'
NMEDIT=''
OBJC='gcc'
OBJCDEPMODE='depmode=gcc3'
OBJCFLAGS='-g -O2 -O -DUSE_MMX -D_REENTRANT -I/usr/include/SDL2  '
OBJDUMP='objdump'
OBJEXT='o'
OTOOL64=''
OTOOL=''
PACKAGE='SDL2_gfx'
PACKAGE_BUGREPORT=''
PACKAGE_NAME=''
PACKAGE_STRING=''
PACKAGE_TARNAME=''
PACKAGE_URL=''
PACKAGE_VERSION=''
PATH_SEPARATOR=':'
PKG_CONFIG='/usr/bin/pkg-config'
RANLIB='ranlib'
SDL_CFLAGS='-D_REENTRANT -I/usr/include/SDL2  '
SDL_CONFIG='pkg-config sdl2'
SDL_LIBS='-lSDL2  '
SDL_VERSION='2.0.0'
SED='/bin/sed'
SET_MAKE=''
SHELL='/bin/bash'
STRIP='strip'
VERSION='1.0.1'
WINDRES=''
ac_ct_AR='ar'
ac_ct_CC='gcc'
ac_ct_DUMPBIN=''
ac_ct_OBJC='gcc'
am__EXEEXT_FALSE=''
am__EXEEXT_TRUE='#'
am__fastdepCC_FALSE='#'
am__fastdepCC_TRUE=''
am__fastdepOBJC_FALSE='#'
am__fastdepOBJC_TRUE=''
am__include='include'
am__isrc=''
am__leading_dot='.'
am__nodep='_no'
am__quote=''
am__tar='$${TAR-tar} chof - "$$tardir"'
am__untar='$${TAR-tar} xf -'
bindir='${exec_prefix}/bin'
build='x86_64-unknown-linux-gnu'
build_alias=''
build_cpu='x86_64'
build_os='linux-gnu'
build_vendor='unknown'
datadir='${datarootdir}'
datarootdir='${prefix}/share'
docdir='${datarootdir}/doc/${PACKAGE}'
dvidir='${docdir}'
exec_prefix='${prefix}'
host='x86_64-unknown-linux-gnu'
host_alias=''
host_cpu='x86_64'
host_os='linux-gnu'
host_vendor='unknown'
htmldir='${docdir}'
includedir='${prefix}/include'
infodir='${datarootdir}/info'
install_sh='${SHELL} /home/zanymonk/Coding/myThings/learnSDL.cpp/SDL2_gfx/install-sh'
libdir='${exec_prefix}/lib'
libexecdir='${exec_prefix}/libexec'
localedir='${datarootdir}/locale'
localstatedir='${prefix}/var'
mandir='${datarootdir}/man'
mkdir_p='$(MKDIR_P)'
oldincludedir='/usr/include'
pdfdir='${docdir}'
prefix='/usr/local'
program_transform_name='s,x,x,'
psdir='${docdir}'
sbindir='${exec_prefix}/sbin'
sharedstatedir='${prefix}/com'
sysconfdir='${prefix}/etc'
target_alias=''

## ----------- ##
## confdefs.h. ##
## ----------- ##

/* confdefs.h */
#define PACKAGE_NAME ""
#define PACKAGE_TARNAME ""
#define PACKAGE_VERSION ""
#define PACKAGE_STRING ""
#define PACKAGE_BUGREPORT ""
#define PACKAGE_URL ""
#define STDC_HEADERS 1
#define HAVE_SYS_TYPES_H 1
#define HAVE_SYS_STAT_H 1
#define HAVE_STDLIB_H 1
#define HAVE_STRING_H 1
#define HAVE_MEMORY_H 1
#define HAVE_STRINGS_H 1
#define HAVE_INTTYPES_H 1
#define HAVE_STDINT_H 1
#define HAVE_UNISTD_H 1
#define HAVE_DLFCN_H 1
#define LT_OBJDIR ".libs/"
#define PACKAGE "SDL2_gfx"
#define VERSION "1.0.1"
#define SIZEOF_LONG 8

configure: exit 0
